<?xml version="1.0" encoding="UTF-8"?>
<!DOCTYPE coverage SYSTEM "https://raw.githubusercontent.com/cobertura/cobertura/master/cobertura/src/site/htdocs/xml/coverage-04.dtd">
<coverage line-rate="0.9" branch-rate="0" lines-covered="45" lines-valid="50" branches-covered="0" branches-valid="0" complexity="0" version="3.6.5" timestamp="2026-09-04 15:42:56.733061">
  <sources>
    <source>/__w/cardinal/cardinal/cardinal</source>
  </sources>
  <packages>
    <package name="cardinalfda" line-rate="0.9" branch-rate="0" complexity="0">
      <classes>
        <class name="cardinalfda.R" filename="R/cardinalfda.R" line-rate="0" branch-rate="0" complexity="0">
          <methods>
            <method name="ignore_unused_imports" signature="" line-rate="0" branch-rate="0" complexity="0">
              <lines>
                <line number="18" hits="0" branch="false"/>
                <line number="19" hits="0" branch="false"/>
                <line number="20" hits="0" branch="false"/>
                <line number="21" hits="0" branch="false"/>
                <line number="22" hits="0" branch="false"/>
              </lines>
            </method>
          </methods>
          <lines>
            <line number="18" hits="0" branch="false"/>
            <line number="19" hits="0" branch="false"/>
            <line number="20" hits="0" branch="false"/>
            <line number="21" hits="0" branch="false"/>
            <line number="22" hits="0" branch="false"/>
          </lines>
        </class>
        <class name="run_template.R" filename="R/run_template.R" line-rate="1" branch-rate="0" complexity="0">
          <methods>
            <method name="run_template" signature="" line-rate="1" branch-rate="0" complexity="0">
              <lines>
                <line number="31" hits="29" branch="false"/>
                <line number="32" hits="29" branch="false"/>
                <line number="33" hits="1" branch="false"/>
                <line number="35" hits="28" branch="false"/>
                <line number="36" hits="28" branch="false"/>
              </lines>
            </method>
          </methods>
          <lines>
            <line number="31" hits="29" branch="false"/>
            <line number="32" hits="29" branch="false"/>
            <line number="33" hits="1" branch="false"/>
            <line number="35" hits="28" branch="false"/>
            <line number="36" hits="28" branch="false"/>
          </lines>
        </class>
        <class name="utils.R" filename="R/utils.R" line-rate="1" branch-rate="0" complexity="0">
          <methods>
            <method name="basic_table_annot" signature="" line-rate="1" branch-rate="0" complexity="0">
              <lines>
                <line number="13" hits="2" branch="false"/>
                <line number="14" hits="2" branch="false"/>
                <line number="15" hits="2" branch="false"/>
                <line number="16" hits="2" branch="false"/>
                <line number="17" hits="2" branch="false"/>
                <line number="18" hits="2" branch="false"/>
                <line number="19" hits="2" branch="false"/>
                <line number="20" hits="2" branch="false"/>
              </lines>
            </method>
            <method name="split_cols_by_arm" signature="" line-rate="1" branch-rate="0" complexity="0">
              <lines>
                <line number="36" hits="4" branch="false"/>
                <line number="37" hits="4" branch="false"/>
                <line number="38" hits="2" branch="false"/>
                <line number="40" hits="2" branch="false"/>
                <line number="41" hits="2" branch="false"/>
                <line number="42" hits="2" branch="false"/>
                <line number="43" hits="1" branch="false"/>
                <line number="44" hits="2" branch="false"/>
                <line number="45" hits="1" branch="false"/>
                <line number="46" hits="2" branch="false"/>
                <line number="47" hits="2" branch="false"/>
                <line number="48" hits="2" branch="false"/>
                <line number="51" hits="4" branch="false"/>
                <line number="52" hits="1" branch="false"/>
              </lines>
            </method>
            <method name="alt_counts_df_preproc" signature="" line-rate="1" branch-rate="0" complexity="0">
              <lines>
                <line number="66" hits="5" branch="false"/>
                <line number="67" hits="4" branch="false"/>
                <line number="68" hits="4" branch="false"/>
                <line number="69" hits="1" branch="false"/>
                <line number="71" hits="3" branch="false"/>
                <line number="72" hits="2" branch="false"/>
                <line number="73" hits="1" branch="false"/>
                <line number="75" hits="2" branch="false"/>
                <line number="76" hits="2" branch="false"/>
              </lines>
            </method>
            <method name="assert_flag_variables" signature="" line-rate="1" branch-rate="0" complexity="0">
              <lines>
                <line number="92" hits="9" branch="false"/>
                <line number="93" hits="9" branch="false"/>
                <line number="94" hits="10" branch="false"/>
                <line number="95" hits="10" branch="false"/>
                <line number="96" hits="3" branch="false"/>
                <line number="97" hits="3" branch="false"/>
                <line number="98" hits="3" branch="false"/>
                <line number="99" hits="3" branch="false"/>
                <line number="102" hits="6" branch="false"/>
              </lines>
            </method>
          </methods>
          <lines>
            <line number="13" hits="2" branch="false"/>
            <line number="14" hits="2" branch="false"/>
            <line number="15" hits="2" branch="false"/>
            <line number="16" hits="2" branch="false"/>
            <line number="17" hits="2" branch="false"/>
            <line number="18" hits="2" branch="false"/>
            <line number="19" hits="2" branch="false"/>
            <line number="20" hits="2" branch="false"/>
            <line number="36" hits="4" branch="false"/>
            <line number="37" hits="4" branch="false"/>
            <line number="38" hits="2" branch="false"/>
            <line number="40" hits="2" branch="false"/>
            <line number="41" hits="2" branch="false"/>
            <line number="42" hits="2" branch="false"/>
            <line number="43" hits="1" branch="false"/>
            <line number="44" hits="2" branch="false"/>
            <line number="45" hits="1" branch="false"/>
            <line number="46" hits="2" branch="false"/>
            <line number="47" hits="2" branch="false"/>
            <line number="48" hits="2" branch="false"/>
            <line number="51" hits="4" branch="false"/>
            <line number="52" hits="1" branch="false"/>
            <line number="66" hits="5" branch="false"/>
            <line number="67" hits="4" branch="false"/>
            <line number="68" hits="4" branch="false"/>
            <line number="69" hits="1" branch="false"/>
            <line number="71" hits="3" branch="false"/>
            <line number="72" hits="2" branch="false"/>
            <line number="73" hits="1" branch="false"/>
            <line number="75" hits="2" branch="false"/>
            <line number="76" hits="2" branch="false"/>
            <line number="92" hits="9" branch="false"/>
            <line number="93" hits="9" branch="false"/>
            <line number="94" hits="10" branch="false"/>
            <line number="95" hits="10" branch="false"/>
            <line number="96" hits="3" branch="false"/>
            <line number="97" hits="3" branch="false"/>
            <line number="98" hits="3" branch="false"/>
            <line number="99" hits="3" branch="false"/>
            <line number="102" hits="6" branch="false"/>
          </lines>
        </class>
      </classes>
    </package>
  </packages>
</coverage>
