<?xml version="1.0" encoding="UTF-8"?>
<coverage line-rate="1" branch-rate="0" lines-covered="2" lines-valid="2" branches-covered="0" branches-valid="0" complexity="0" version="3.6.1" timestamp="2023-02-17 15:57:24">
  <sources/>
  <packages>
    <package name="falcon" line-rate="1" branch-rate="0" complexity="0">
      <classes>
        <class name="hello.R" filename="R/hello.R" line-rate="1" branch-rate="0" complexity="0">
          <methods>
            <method name="hello" signature="" line-rate="1" branch-rate="0">
              <lines>
                <line number="13" hits="1" branch="false"/>
                <line number="14" hits="1" branch="false"/>
              </lines>
            </method>
          </methods>
          <lines>
            <line number="13" hits="1" branch="false"/>
            <line number="14" hits="1" branch="false"/>
          </lines>
        </class>
      </classes>
    </package>
  </packages>
</coverage>
