<?xml version="1.0" encoding="UTF-8"?>
<testsuites>
  <testsuite name="custom" timestamp="2026-09-04T13:07:49Z" hostname="86b7390018d1" tests="1" skipped="0" failures="0" errors="0" time="1.293">
    <testcase time="1.293" classname="custom" name="custom_table_works"/>
  </testsuite>
  <testsuite name="fda-table_02" timestamp="2026-09-04T13:07:50Z" hostname="86b7390018d1" tests="1" skipped="1" failures="0" errors="0" time="0.779">
    <testcase time="0.779" classname="fda_table_02" name="fda_table_02_works">
      <skipped message="Reason: On CRAN ('test-fda-table_02.R:1:1')"/>
    </testcase>
  </testsuite>
  <testsuite name="fda-table_03" timestamp="2026-09-04T13:07:51Z" hostname="86b7390018d1" tests="1" skipped="1" failures="0" errors="0" time="0.653">
    <testcase time="0.653" classname="fda_table_03" name="fda_table_03_works">
      <skipped message="Reason: On CRAN ('test-fda-table_03.R:1:1')"/>
    </testcase>
  </testsuite>
  <testsuite name="fda-table_04" timestamp="2026-09-04T13:07:52Z" hostname="86b7390018d1" tests="1" skipped="1" failures="0" errors="0" time="0.318">
    <testcase time="0.318000000000001" classname="fda_table_04" name="fda_table_04_works">
      <skipped message="Reason: On CRAN ('test-fda-table_04.R:1:1')"/>
    </testcase>
  </testsuite>
  <testsuite name="fda-table_06" timestamp="2026-09-04T13:07:52Z" hostname="86b7390018d1" tests="1" skipped="1" failures="0" errors="0" time="0.539">
    <testcase time="0.539" classname="fda_table_06" name="fda_table_06_works">
      <skipped message="Reason: On CRAN ('test-fda-table_06.R:1:1')"/>
    </testcase>
  </testsuite>
  <testsuite name="fda-table_07" timestamp="2026-09-04T13:07:53Z" hostname="86b7390018d1" tests="1" skipped="1" failures="0" errors="0" time="1.845">
    <testcase time="1.845" classname="fda_table_07" name="fda_table_07_works">
      <skipped message="Reason: On CRAN ('test-fda-table_07.R:1:1')"/>
    </testcase>
  </testsuite>
  <testsuite name="fda-table_08" timestamp="2026-09-04T13:07:54Z" hostname="86b7390018d1" tests="1" skipped="1" failures="0" errors="0" time="0.656">
    <testcase time="0.656000000000001" classname="fda_table_08" name="fda_table_08_works">
      <skipped message="Reason: On CRAN ('test-fda-table_08.R:1:1')"/>
    </testcase>
  </testsuite>
  <testsuite name="fda-table_09" timestamp="2026-09-04T13:07:55Z" hostname="86b7390018d1" tests="1" skipped="1" failures="0" errors="0" time="0.145">
    <testcase time="0.145" classname="fda_table_09" name="fda_table_09_works">
      <skipped message="Reason: On CRAN ('test-fda-table_09.R:1:1')"/>
    </testcase>
  </testsuite>
  <testsuite name="fda-table_10" timestamp="2026-09-04T13:07:55Z" hostname="86b7390018d1" tests="1" skipped="1" failures="0" errors="0" time="0.546">
    <testcase time="0.546000000000001" classname="fda_table_10" name="fda_table_10_works">
      <skipped message="Reason: On CRAN ('test-fda-table_10.R:1:1')"/>
    </testcase>
  </testsuite>
  <testsuite name="fda-table_11" timestamp="2026-09-04T13:07:56Z" hostname="86b7390018d1" tests="1" skipped="1" failures="0" errors="0" time="0.34">
    <testcase time="0.34" classname="fda_table_11" name="fda_table_11_works">
      <skipped message="Reason: On CRAN ('test-fda-table_11.R:1:1')"/>
    </testcase>
  </testsuite>
  <testsuite name="fda-table_12" timestamp="2026-09-04T13:07:56Z" hostname="86b7390018d1" tests="1" skipped="1" failures="0" errors="0" time="0.478">
    <testcase time="0.478" classname="fda_table_12" name="fda_table_12_works">
      <skipped message="Reason: On CRAN ('test-fda-table_12.R:1:1')"/>
    </testcase>
  </testsuite>
  <testsuite name="fda-table_13" timestamp="2026-09-04T13:07:57Z" hostname="86b7390018d1" tests="1" skipped="1" failures="0" errors="0" time="0.271">
    <testcase time="0.270999999999999" classname="fda_table_13" name="fda_table_13_works">
      <skipped message="Reason: On CRAN ('test-fda-table_13.R:1:1')"/>
    </testcase>
  </testsuite>
  <testsuite name="fda-table_14" timestamp="2026-09-04T13:07:57Z" hostname="86b7390018d1" tests="1" skipped="1" failures="0" errors="0" time="0.286">
    <testcase time="0.286000000000001" classname="fda_table_14" name="fda_table_14_works">
      <skipped message="Reason: On CRAN ('test-fda-table_14.R:1:1')"/>
    </testcase>
  </testsuite>
  <testsuite name="fda-table_15" timestamp="2026-09-04T13:07:57Z" hostname="86b7390018d1" tests="1" skipped="1" failures="0" errors="0" time="0.365">
    <testcase time="0.364999999999998" classname="fda_table_15" name="fda_table_15_works">
      <skipped message="Reason: On CRAN ('test-fda-table_15.R:1:1')"/>
    </testcase>
  </testsuite>
  <testsuite name="fda-table_17" timestamp="2026-09-04T13:07:57Z" hostname="86b7390018d1" tests="1" skipped="1" failures="0" errors="0" time="0.493">
    <testcase time="0.493" classname="fda_table_17" name="fda_table_17_works">
      <skipped message="Reason: On CRAN ('test-fda-table_17.R:1:1')"/>
    </testcase>
  </testsuite>
  <testsuite name="fda-table_18" timestamp="2026-09-04T13:07:58Z" hostname="86b7390018d1" tests="1" skipped="1" failures="0" errors="0" time="0.857">
    <testcase time="0.857000000000001" classname="fda_table_18" name="fda_table_18_works">
      <skipped message="Reason: On CRAN ('test-fda-table_18.R:1:1')"/>
    </testcase>
  </testsuite>
  <testsuite name="fda-table_29" timestamp="2026-09-04T13:07:59Z" hostname="86b7390018d1" tests="1" skipped="1" failures="0" errors="0" time="0.291">
    <testcase time="0.290999999999999" classname="fda_table_29" name="fda_table_29_works">
      <skipped message="Reason: On CRAN ('test-fda-table_29.R:1:1')"/>
    </testcase>
  </testsuite>
  <testsuite name="fda-table_33" timestamp="2026-09-04T13:07:59Z" hostname="86b7390018d1" tests="1" skipped="1" failures="0" errors="0" time="0.229">
    <testcase time="0.229000000000001" classname="fda_table_33" name="fda_table_33_works">
      <skipped message="Reason: On CRAN ('test-fda-table_33.R:1:1')"/>
    </testcase>
  </testsuite>
  <testsuite name="fda-table_34" timestamp="2026-09-04T13:07:59Z" hostname="86b7390018d1" tests="1" skipped="1" failures="0" errors="0" time="0.229">
    <testcase time="0.228999999999999" classname="fda_table_34" name="fda_table_34_works">
      <skipped message="Reason: On CRAN ('test-fda-table_34.R:1:1')"/>
    </testcase>
  </testsuite>
  <testsuite name="fda-table_36" timestamp="2026-09-04T13:08:00Z" hostname="86b7390018d1" tests="1" skipped="1" failures="0" errors="0" time="1.999">
    <testcase time="1.999" classname="fda_table_36" name="fda_table_36_works">
      <skipped message="Reason: On CRAN ('test-fda-table_36.R:1:1')"/>
    </testcase>
  </testsuite>
  <testsuite name="fda-table_37" timestamp="2026-09-04T13:08:02Z" hostname="86b7390018d1" tests="1" skipped="1" failures="0" errors="0" time="0.353">
    <testcase time="0.353" classname="fda_table_37" name="fda_table_37_works">
      <skipped message="Reason: On CRAN ('test-fda-table_37.R:1:1')"/>
    </testcase>
  </testsuite>
  <testsuite name="fda-table_38" timestamp="2026-09-04T13:08:02Z" hostname="86b7390018d1" tests="1" skipped="1" failures="0" errors="0" time="0.323">
    <testcase time="0.323" classname="fda_table_38" name="fda_table_38_works">
      <skipped message="Reason: On CRAN ('test-fda-table_38.R:1:1')"/>
    </testcase>
  </testsuite>
  <testsuite name="fda-table_43" timestamp="2026-09-04T13:08:02Z" hostname="86b7390018d1" tests="1" skipped="1" failures="0" errors="0" time="0.31">
    <testcase time="0.31" classname="fda_table_43" name="fda_table_43_works">
      <skipped message="Reason: On CRAN ('test-fda-table_43.R:1:1')"/>
    </testcase>
  </testsuite>
  <testsuite name="fda-table_44" timestamp="2026-09-04T13:08:03Z" hostname="86b7390018d1" tests="1" skipped="1" failures="0" errors="0" time="0.233">
    <testcase time="0.232999999999999" classname="fda_table_44" name="fda_table_44_works">
      <skipped message="Reason: On CRAN ('test-fda-table_44.R:1:1')"/>
    </testcase>
  </testsuite>
  <testsuite name="fda-table_45" timestamp="2026-09-04T13:08:03Z" hostname="86b7390018d1" tests="1" skipped="1" failures="0" errors="0" time="0.227">
    <testcase time="0.227" classname="fda_table_45" name="fda_table_45_works">
      <skipped message="Reason: On CRAN ('test-fda-table_45.R:1:1')"/>
    </testcase>
  </testsuite>
  <testsuite name="fda-table_50" timestamp="2026-09-04T13:08:03Z" hostname="86b7390018d1" tests="1" skipped="1" failures="0" errors="0" time="1.12">
    <testcase time="1.12" classname="fda_table_50" name="fda_table_50_works">
      <skipped message="Reason: On CRAN ('test-fda-table_50.R:1:1')"/>
    </testcase>
  </testsuite>
  <testsuite name="fda-table_51" timestamp="2026-09-04T13:08:04Z" hostname="86b7390018d1" tests="1" skipped="1" failures="0" errors="0" time="0.396">
    <testcase time="0.396000000000001" classname="fda_table_51" name="fda_table_51_works">
      <skipped message="Reason: On CRAN ('test-fda-table_51.R:1:1')"/>
    </testcase>
  </testsuite>
  <testsuite name="run_template" timestamp="2026-09-04T13:08:04Z" hostname="86b7390018d1" tests="4" skipped="0" failures="0" errors="0" time="1.292">
    <testcase time="0.0279999999999987" classname="run_template" name="run_template_errors_for_an_unknown_template"/>
    <testcase time="0.625" classname="run_template" name="run_template_sources_a_template_and_returns_its_environment"/>
    <testcase time="0.00300000000000011" classname="run_template" name="run_template_sources_a_template_and_returns_its_environment"/>
    <testcase time="0.636000000000003" classname="run_template" name="run_template_does_not_leak_objects_into_the_caller"/>
  </testsuite>
  <testsuite name="table-roche_lbt01" timestamp="2026-09-04T13:08:06Z" hostname="86b7390018d1" tests="1" skipped="1" failures="0" errors="0" time="4.291">
    <testcase time="4.291" classname="table_roche_lbt01" name="table_roche_lbt01_works">
      <skipped message="Reason: On CRAN ('test-table-roche_lbt01.R:1:1')"/>
    </testcase>
  </testsuite>
  <testsuite name="utils" timestamp="2026-09-04T13:08:10Z" hostname="86b7390018d1" tests="21" skipped="0" failures="0" errors="0" time="0.416">
    <testcase time="0.0189999999999984" classname="utils" name="assert_flag_variables_accepts_valid_flag_values"/>
    <testcase time="0.00100000000000122" classname="utils" name="assert_flag_variables_accepts_valid_flag_values"/>
    <testcase time="0.00300000000000011" classname="utils" name="assert_flag_variables_accepts_valid_flag_values"/>
    <testcase time="0.00499999999999901" classname="utils" name="assert_flag_variables_accepts_a_custom_na_level"/>
    <testcase time="0.00300000000000011" classname="utils" name="assert_flag_variables_accepts_a_custom_na_level"/>
    <testcase time="0.00700000000000145" classname="utils" name="assert_flag_variables_errors_on_invalid_values"/>
    <testcase time="0.00399999999999778" classname="utils" name="assert_flag_variables_errors_on_invalid_values"/>
    <testcase time="0.00499999999999901" classname="utils" name="alt_counts_df_preproc_returns_NULL_when_input_is_NULL"/>
    <testcase time="0.00700000000000145" classname="utils" name="alt_counts_df_preproc_errors_when_required_variables_are_missing"/>
    <testcase time="0.279" classname="utils" name="alt_counts_df_preproc_filters_to_the_safety_population"/>
    <testcase time="0.00300000000000011" classname="utils" name="alt_counts_df_preproc_filters_to_the_safety_population"/>
    <testcase time="0.00300000000000011" classname="utils" name="alt_counts_df_preproc_filters_to_the_safety_population"/>
    <testcase time="0.00600000000000023" classname="utils" name="alt_counts_df_preproc_works_without_a_safety_flag"/>
    <testcase time="0.00199999999999889" classname="utils" name="alt_counts_df_preproc_works_without_a_safety_flag"/>
    <testcase time="0.00900000000000034" classname="utils" name="alt_counts_df_preproc_validates_the_flag_variable"/>
    <testcase time="0.0139999999999993" classname="utils" name="basic_table_annot_returns_a_layout_with_and_without_annotations"/>
    <testcase time="0.0100000000000016" classname="utils" name="basic_table_annot_returns_a_layout_with_and_without_annotations"/>
    <testcase time="0.0120000000000005" classname="utils" name="split_cols_by_arm_splits_with_and_without_an_overall_column"/>
    <testcase time="0.0069999999999979" classname="utils" name="split_cols_by_arm_splits_with_and_without_an_overall_column"/>
    <testcase time="0.0110000000000028" classname="utils" name="split_cols_by_arm_supports_risk_difference_columns"/>
    <testcase time="0.00599999999999667" classname="utils" name="split_cols_by_arm_supports_risk_difference_columns"/>
  </testsuite>
</testsuites>
